# JRE version: OpenJDK Runtime Environment Temurin-21.0.10+7 (21.0.10+7) (build 21.0.10+7-LTS)
# Java VM: OpenJDK 64-Bit Server VM Temurin-21.0.10+7 (21.0.10+7-LTS, mixed mode, sharing, tiered, compressed oops, compressed class ptrs, parallel gc, windows-amd64)
GC Precious Log:
 CardTable entry size: 512
 CPUs: 8 total, 8 available
 Memory: 8099M
 Large Page Support: Disabled
 NUMA Support: Disabled
 Compressed Oops: Enabled (32-bit)
 Alignments: Space 512K, Generation 512K, Heap 2M
 Heap Min Capacity: 100M
 Heap Initial Capacity: 100M
 Heap Max Capacity: 2G
 Pre-touch: Disabled
 Parallel Workers: 8
Heap:
 PSYoungGen      total 17408K, used 2242K [0x00000000d5580000, 0x00000000d6b00000, 0x0000000100000000)
  eden space 16384K, 7% used [0x00000000d5580000,0x00000000d56b26d0,0x00000000d6580000)
  from space 1024K, 99% used [0x00000000d6a00000,0x00000000d6afe1c8,0x00000000d6b00000)
  to   space 2048K, 0% used [0x00000000d6700000,0x00000000d6700000,0x00000000d6900000)
 ParOldGen       total 68608K, used 31957K [0x0000000080000000, 0x0000000084300000, 0x00000000d5580000)
  object space 68608K, 46% used [0x0000000080000000,0x0000000081f354e8,0x0000000084300000)
 Metaspace       used 48302K, committed 49664K, reserved 1114112K
  class space    used 5251K, committed 5888K, reserved 1048576K
GC Heap History (20 events):
Event: 5.755 GC heap before
{Heap before GC invocations=14 (full 1):
 PSYoungGen      total 23552K, used 6607K [0x00000000d5580000, 0x00000000d7080000, 0x0000000100000000)
  eden space 22016K, 23% used [0x00000000d5580000,0x00000000d5a746d8,0x00000000d6b00000)
  from space 1536K, 99% used [0x00000000d6f00000,0x00000000d707f688,0x00000000d7080000)
  to   space 2048K, 0% used [0x00000000d6c80000,0x00000000d6c80000,0x00000000d6e80000)
 ParOldGen       total 68608K, used 18031K [0x0000000080000000, 0x0000000084300000, 0x00000000d5580000)
  object space 68608K, 26% used [0x0000000080000000,0x000000008119bc58,0x0000000084300000)
 Metaspace       used 34686K, committed 35840K, reserved 1114112K
  class space    used 3600K, committed 4160K, reserved 1048576K
}
Event: 5.757 GC heap after
{Heap after GC invocations=14 (full 1):
 PSYoungGen      total 23552K, used 1184K [0x00000000d5580000, 0x00000000d6f80000, 0x0000000100000000)
  eden space 22016K, 0% used [0x00000000d5580000,0x00000000d5580000,0x00000000d6b00000)
  from space 1536K, 77% used [0x00000000d6c80000,0x00000000d6da8000,0x00000000d6e00000)
  to   space 1536K, 0% used [0x00000000d6e00000,0x00000000d6e00000,0x00000000d6f80000)
 ParOldGen       total 68608K, used 19300K [0x0000000080000000, 0x0000000084300000, 0x00000000d5580000)
  object space 68608K, 28% used [0x0000000080000000,0x00000000812d9088,0x0000000084300000)
 Metaspace       used 34686K, committed 35840K, reserved 1114112K
  class space    used 3600K, committed 4160K, reserved 1048576K
}
Event: 5.757 GC heap before
{Heap before GC invocations=15 (full 2):
 PSYoungGen      total 23552K, used 1184K [0x00000000d5580000, 0x00000000d6f80000, 0x0000000100000000)
  eden space 22016K, 0% used [0x00000000d5580000,0x00000000d5580000,0x00000000d6b00000)
  from space 1536K, 77% used [0x00000000d6c80000,0x00000000d6da8000,0x00000000d6e00000)
  to   space 1536K, 0% used [0x00000000d6e00000,0x00000000d6e00000,0x00000000d6f80000)
 ParOldGen       total 68608K, used 19300K [0x0000000080000000, 0x0000000084300000, 0x00000000d5580000)
  object space 68608K, 28% used [0x0000000080000000,0x00000000812d9088,0x0000000084300000)
 Metaspace       used 34686K, committed 35840K, reserved 1114112K
  class space    used 3600K, committed 4160K, reserved 1048576K
}
Event: 5.793 GC heap after
{Heap after GC invocations=15 (full 2):
 PSYoungGen      total 23552K, used 0K [0x00000000d5580000, 0x00000000d6f80000, 0x0000000100000000)
  eden space 22016K, 0% used [0x00000000d5580000,0x00000000d5580000,0x00000000d6b00000)
  from space 1536K, 0% used [0x00000000d6c80000,0x00000000d6c80000,0x00000000d6e00000)
  to   space 1536K, 0% used [0x00000000d6e00000,0x00000000d6e00000,0x00000000d6f80000)
 ParOldGen       total 68608K, used 19497K [0x0000000080000000, 0x0000000084300000, 0x00000000d5580000)
  object space 68608K, 28% used [0x0000000080000000,0x000000008130a5b0,0x0000000084300000)
 Metaspace       used 34686K, committed 35840K, reserved 1114112K
  class space    used 3600K, committed 4160K, reserved 1048576K
}
Event: 6.517 GC heap before
{Heap before GC invocations=16 (full 2):
 PSYoungGen      total 23552K, used 22016K [0x00000000d5580000, 0x00000000d6f80000, 0x0000000100000000)
  eden space 22016K, 100% used [0x00000000d5580000,0x00000000d6b00000,0x00000000d6b00000)
  from space 1536K, 0% used [0x00000000d6c80000,0x00000000d6c80000,0x00000000d6e00000)
  to   space 1536K, 0% used [0x00000000d6e00000,0x00000000d6e00000,0x00000000d6f80000)
 ParOldGen       total 68608K, used 19497K [0x0000000080000000, 0x0000000084300000, 0x00000000d5580000)
  object space 68608K, 28% used [0x0000000080000000,0x000000008130a5b0,0x0000000084300000)
 Metaspace       used 36242K, committed 37440K, reserved 1114112K
  class space    used 3825K, committed 4352K, reserved 1048576K
}
Event: 6.520 GC heap after
{Heap after GC invocations=16 (full 2):
 PSYoungGen      total 23552K, used 1517K [0x00000000d5580000, 0x00000000d6f80000, 0x0000000100000000)
  eden space 22016K, 0% used [0x00000000d5580000,0x00000000d5580000,0x00000000d6b00000)
  from space 1536K, 98% used [0x00000000d6e00000,0x00000000d6f7b610,0x00000000d6f80000)
  to   space 2048K, 0% used [0x00000000d6b80000,0x00000000d6b80000,0x00000000d6d80000)
 ParOldGen       total 68608K, used 19577K [0x0000000080000000, 0x0000000084300000, 0x00000000d5580000)
  object space 68608K, 28% used [0x0000000080000000,0x000000008131e5b0,0x0000000084300000)
 Metaspace       used 36242K, committed 37440K, reserved 1114112K
  class space    used 3825K, committed 4352K, reserved 1048576K
}
Event: 6.879 GC heap before
{Heap before GC invocations=17 (full 2):
 PSYoungGen      total 23552K, used 23533K [0x00000000d5580000, 0x00000000d6f80000, 0x0000000100000000)
  eden space 22016K, 100% used [0x00000000d5580000,0x00000000d6b00000,0x00000000d6b00000)
  from space 1536K, 98% used [0x00000000d6e00000,0x00000000d6f7b610,0x00000000d6f80000)
  to   space 2048K, 0% used [0x00000000d6b80000,0x00000000d6b80000,0x00000000d6d80000)
 ParOldGen       total 68608K, used 19577K [0x0000000080000000, 0x0000000084300000, 0x00000000d5580000)
  object space 68608K, 28% used [0x0000000080000000,0x000000008131e5b0,0x0000000084300000)
 Metaspace       used 38460K, committed 39680K, reserved 1114112K
  class space    used 4066K, committed 4608K, reserved 1048576K
}
Event: 6.882 GC heap after
{Heap after GC invocations=17 (full 2):
 PSYoungGen      total 24064K, used 1598K [0x00000000d5580000, 0x00000000d6f00000, 0x0000000100000000)
  eden space 22016K, 0% used [0x00000000d5580000,0x00000000d5580000,0x00000000d6b00000)
  from space 2048K, 78% used [0x00000000d6b80000,0x00000000d6d0fa78,0x00000000d6d80000)
  to   space 1536K, 0% used [0x00000000d6d80000,0x00000000d6d80000,0x00000000d6f00000)
 ParOldGen       total 68608K, used 20921K [0x0000000080000000, 0x0000000084300000, 0x00000000d5580000)
  object space 68608K, 30% used [0x0000000080000000,0x000000008146e5e0,0x0000000084300000)
 Metaspace       used 38460K, committed 39680K, reserved 1114112K
  class space    used 4066K, committed 4608K, reserved 1048576K
}
Event: 7.082 GC heap before
{Heap before GC invocations=18 (full 2):
 PSYoungGen      total 24064K, used 23614K [0x00000000d5580000, 0x00000000d6f00000, 0x0000000100000000)
  eden space 22016K, 100% used [0x00000000d5580000,0x00000000d6b00000,0x00000000d6b00000)
  from space 2048K, 78% used [0x00000000d6b80000,0x00000000d6d0fa78,0x00000000d6d80000)
  to   space 1536K, 0% used [0x00000000d6d80000,0x00000000d6d80000,0x00000000d6f00000)
 ParOldGen       total 68608K, used 20921K [0x0000000080000000, 0x0000000084300000, 0x00000000d5580000)
  object space 68608K, 30% used [0x0000000080000000,0x000000008146e5e0,0x0000000084300000)
 Metaspace       used 39269K, committed 40512K, reserved 1114112K
  class space    used 4164K, committed 4736K, reserved 1048576K
}
Event: 7.088 GC heap after
{Heap after GC invocations=18 (full 2):
 PSYoungGen      total 17920K, used 1514K [0x00000000d5580000, 0x00000000d7b00000, 0x0000000100000000)
  eden space 16384K, 0% used [0x00000000d5580000,0x00000000d5580000,0x00000000d6580000)
  from space 1536K, 98% used [0x00000000d6d80000,0x00000000d6efabe0,0x00000000d6f00000)
  to   space 8192K, 0% used [0x00000000d6580000,0x00000000d6580000,0x00000000d6d80000)
 ParOldGen       total 68608K, used 26629K [0x0000000080000000, 0x0000000084300000, 0x00000000d5580000)
  object space 68608K, 38% used [0x0000000080000000,0x0000000081a01658,0x0000000084300000)
 Metaspace       used 39269K, committed 40512K, reserved 1114112K
  class space    used 4164K, committed 4736K, reserved 1048576K
}
Event: 7.408 GC heap before
{Heap before GC invocations=19 (full 2):
 PSYoungGen      total 17920K, used 17898K [0x00000000d5580000, 0x00000000d7b00000, 0x0000000100000000)
  eden space 16384K, 100% used [0x00000000d5580000,0x00000000d6580000,0x00000000d6580000)
  from space 1536K, 98% used [0x00000000d6d80000,0x00000000d6efabe0,0x00000000d6f00000)
  to   space 8192K, 0% used [0x00000000d6580000,0x00000000d6580000,0x00000000d6d80000)
 ParOldGen       total 68608K, used 26629K [0x0000000080000000, 0x0000000084300000, 0x00000000d5580000)
  object space 68608K, 38% used [0x0000000080000000,0x0000000081a01658,0x0000000084300000)
 Metaspace       used 40983K, committed 42240K, reserved 1114112K
  class space    used 4400K, committed 4928K, reserved 1048576K
}
Event: 7.411 GC heap after
{Heap after GC invocations=19 (full 2):
 PSYoungGen      total 17408K, used 720K [0x00000000d5580000, 0x00000000d6e00000, 0x0000000100000000)
  eden space 16384K, 0% used [0x00000000d5580000,0x00000000d5580000,0x00000000d6580000)
  from space 1024K, 70% used [0x00000000d6580000,0x00000000d6634010,0x00000000d6680000)
  to   space 3072K, 0% used [0x00000000d6b00000,0x00000000d6b00000,0x00000000d6e00000)
 ParOldGen       total 68608K, used 28159K [0x0000000080000000, 0x0000000084300000, 0x00000000d5580000)
  object space 68608K, 41% used [0x0000000080000000,0x0000000081b7fd48,0x0000000084300000)
 Metaspace       used 40983K, committed 42240K, reserved 1114112K
  class space    used 4400K, committed 4928K, reserved 1048576K
}
Event: 7.868 GC heap before
{Heap before GC invocations=20 (full 2):
 PSYoungGen      total 17408K, used 17104K [0x00000000d5580000, 0x00000000d6e00000, 0x0000000100000000)
  eden space 16384K, 100% used [0x00000000d5580000,0x00000000d6580000,0x00000000d6580000)
  from space 1024K, 70% used [0x00000000d6580000,0x00000000d6634010,0x00000000d6680000)
  to   space 3072K, 0% used [0x00000000d6b00000,0x00000000d6b00000,0x00000000d6e00000)
 ParOldGen       total 68608K, used 28159K [0x0000000080000000, 0x0000000084300000, 0x00000000d5580000)
  object space 68608K, 41% used [0x0000000080000000,0x0000000081b7fd48,0x0000000084300000)
 Metaspace       used 42837K, committed 44096K, reserved 1114112K
  class space    used 4628K, committed 5184K, reserved 1048576K
}
Event: 7.870 GC heap after
{Heap after GC invocations=20 (full 2):
 PSYoungGen      total 17408K, used 960K [0x00000000d5580000, 0x00000000d6c00000, 0x0000000100000000)
  eden space 16384K, 0% used [0x00000000d5580000,0x00000000d5580000,0x00000000d6580000)
  from space 1024K, 93% used [0x00000000d6b00000,0x00000000d6bf0000,0x00000000d6c00000)
  to   space 1536K, 0% used [0x00000000d6900000,0x00000000d6900000,0x00000000d6a80000)
 ParOldGen       total 68608K, used 28723K [0x0000000080000000, 0x0000000084300000, 0x00000000d5580000)
  object space 68608K, 41% used [0x0000000080000000,0x0000000081c0cf58,0x0000000084300000)
 Metaspace       used 42837K, committed 44096K, reserved 1114112K
  class space    used 4628K, committed 5184K, reserved 1048576K
}
Event: 8.319 GC heap before
{Heap before GC invocations=21 (full 2):
 PSYoungGen      total 17408K, used 17344K [0x00000000d5580000, 0x00000000d6c00000, 0x0000000100000000)
  eden space 16384K, 100% used [0x00000000d5580000,0x00000000d6580000,0x00000000d6580000)
  from space 1024K, 93% used [0x00000000d6b00000,0x00000000d6bf0000,0x00000000d6c00000)
  to   space 1536K, 0% used [0x00000000d6900000,0x00000000d6900000,0x00000000d6a80000)
 ParOldGen       total 68608K, used 28723K [0x0000000080000000, 0x0000000084300000, 0x00000000d5580000)
  object space 68608K, 41% used [0x0000000080000000,0x0000000081c0cf58,0x0000000084300000)
 Metaspace       used 44690K, committed 45952K, reserved 1114112K
  class space    used 4888K, committed 5440K, reserved 1048576K
}
Event: 8.321 GC heap after
{Heap after GC invocations=21 (full 2):
 PSYoungGen      total 17920K, used 1056K [0x00000000d5580000, 0x00000000d6b80000, 0x0000000100000000)
  eden space 16384K, 0% used [0x00000000d5580000,0x00000000d5580000,0x00000000d6580000)
  from space 1536K, 68% used [0x00000000d6900000,0x00000000d6a08000,0x00000000d6a80000)
  to   space 1024K, 0% used [0x00000000d6a80000,0x00000000d6a80000,0x00000000d6b80000)
 ParOldGen       total 68608K, used 29511K [0x0000000080000000, 0x0000000084300000, 0x00000000d5580000)
  object space 68608K, 43% used [0x0000000080000000,0x0000000081cd1c68,0x0000000084300000)
 Metaspace       used 44690K, committed 45952K, reserved 1114112K
  class space    used 4888K, committed 5440K, reserved 1048576K
}
Event: 8.987 GC heap before
{Heap before GC invocations=22 (full 2):
 PSYoungGen      total 17920K, used 17440K [0x00000000d5580000, 0x00000000d6b80000, 0x0000000100000000)
  eden space 16384K, 100% used [0x00000000d5580000,0x00000000d6580000,0x00000000d6580000)
  from space 1536K, 68% used [0x00000000d6900000,0x00000000d6a08000,0x00000000d6a80000)
  to   space 1024K, 0% used [0x00000000d6a80000,0x00000000d6a80000,0x00000000d6b80000)
 ParOldGen       total 68608K, used 29511K [0x0000000080000000, 0x0000000084300000, 0x00000000d5580000)
  object space 68608K, 43% used [0x0000000080000000,0x0000000081cd1c68,0x0000000084300000)
 Metaspace       used 46491K, committed 47808K, reserved 1114112K
  class space    used 5081K, committed 5696K, reserved 1048576K
}
Event: 8.990 GC heap after
{Heap after GC invocations=22 (full 2):
 PSYoungGen      total 17408K, used 1019K [0x00000000d5580000, 0x00000000d6b80000, 0x0000000100000000)
  eden space 16384K, 0% used [0x00000000d5580000,0x00000000d5580000,0x00000000d6580000)
  from space 1024K, 99% used [0x00000000d6a80000,0x00000000d6b7eea8,0x00000000d6b80000)
  to   space 1536K, 0% used [0x00000000d6880000,0x00000000d6880000,0x00000000d6a00000)
 ParOldGen       total 68608K, used 30415K [0x0000000080000000, 0x0000000084300000, 0x00000000d5580000)
  object space 68608K, 44% used [0x0000000080000000,0x0000000081db3c68,0x0000000084300000)
 Metaspace       used 46491K, committed 47808K, reserved 1114112K
  class space    used 5081K, committed 5696K, reserved 1048576K
}
Event: 9.278 GC heap before
{Heap before GC invocations=23 (full 2):
 PSYoungGen      total 17408K, used 17403K [0x00000000d5580000, 0x00000000d6b80000, 0x0000000100000000)
  eden space 16384K, 100% used [0x00000000d5580000,0x00000000d6580000,0x00000000d6580000)
  from space 1024K, 99% used [0x00000000d6a80000,0x00000000d6b7eea8,0x00000000d6b80000)
  to   space 1536K, 0% used [0x00000000d6880000,0x00000000d6880000,0x00000000d6a00000)
 ParOldGen       total 68608K, used 30415K [0x0000000080000000, 0x0000000084300000, 0x00000000d5580000)
  object space 68608K, 44% used [0x0000000080000000,0x0000000081db3c68,0x0000000084300000)
 Metaspace       used 46659K, committed 48064K, reserved 1114112K
  class space    used 5104K, committed 5760K, reserved 1048576K
}
Event: 9.281 GC heap after
{Heap after GC invocations=23 (full 2):
 PSYoungGen      total 17920K, used 640K [0x00000000d5580000, 0x00000000d6b00000, 0x0000000100000000)
  eden space 16384K, 0% used [0x00000000d5580000,0x00000000d5580000,0x00000000d6580000)
  from space 1536K, 41% used [0x00000000d6880000,0x00000000d6920000,0x00000000d6a00000)
  to   space 1024K, 0% used [0x00000000d6a00000,0x00000000d6a00000,0x00000000d6b00000)
 ParOldGen       total 68608K, used 31330K [0x0000000080000000, 0x0000000084300000, 0x00000000d5580000)
  object space 68608K, 45% used [0x0000000080000000,0x0000000081e98978,0x0000000084300000)
 Metaspace       used 46659K, committed 48064K, reserved 1114112K
  class space    used 5104K, committed 5760K, reserved 1048576K
}

