# JRE version: OpenJDK Runtime Environment Temurin-21.0.10+7 (21.0.10+7) (build 21.0.10+7-LTS)
# Java VM: OpenJDK 64-Bit Server VM Temurin-21.0.10+7 (21.0.10+7-LTS, mixed mode, sharing, tiered, compressed oops, compressed class ptrs, parallel gc, windows-amd64)
GC Precious Log:
 CardTable entry size: 512
 CPUs: 8 total, 8 available
 Memory: 8099M
 Large Page Support: Disabled
 NUMA Support: Disabled
 Compressed Oops: Enabled (32-bit)
 Alignments: Space 512K, Generation 512K, Heap 2M
 Heap Min Capacity: 100M
 Heap Initial Capacity: 100M
 Heap Max Capacity: 2G
 Pre-touch: Disabled
 Parallel Workers: 8
Heap:
 PSYoungGen      total 14336K, used 7416K [0x00000000d5580000, 0x00000000d6980000, 0x0000000100000000)
  eden space 12800K, 54% used [0x00000000d5580000,0x00000000d5c4e0e8,0x00000000d6200000)
  from space 1536K, 29% used [0x00000000d6700000,0x00000000d6770000,0x00000000d6880000)
  to   space 1024K, 0% used [0x00000000d6880000,0x00000000d6880000,0x00000000d6980000)
 ParOldGen       total 68608K, used 33968K [0x0000000080000000, 0x0000000084300000, 0x00000000d5580000)
  object space 68608K, 49% used [0x0000000080000000,0x000000008212c398,0x0000000084300000)
 Metaspace       used 46941K, committed 48064K, reserved 1114112K
  class space    used 5128K, committed 5632K, reserved 1048576K
GC Heap History (20 events):
Event: 7.276 GC heap before
{Heap before GC invocations=14 (full 1):
 PSYoungGen      total 23552K, used 17552K [0x00000000d5580000, 0x00000000d7080000, 0x0000000100000000)
  eden space 22016K, 74% used [0x00000000d5580000,0x00000000d6581530,0x00000000d6b00000)
  from space 1536K, 75% used [0x00000000d6f00000,0x00000000d7022be8,0x00000000d7080000)
  to   space 1536K, 0% used [0x00000000d6d80000,0x00000000d6d80000,0x00000000d6f00000)
 ParOldGen       total 68608K, used 17708K [0x0000000080000000, 0x0000000084300000, 0x00000000d5580000)
  object space 68608K, 25% used [0x0000000080000000,0x000000008114b2d0,0x0000000084300000)
 Metaspace       used 34761K, committed 35840K, reserved 1114112K
  class space    used 3626K, committed 4096K, reserved 1048576K
}
Event: 7.285 GC heap after
{Heap after GC invocations=14 (full 1):
 PSYoungGen      total 23552K, used 1280K [0x00000000d5580000, 0x00000000d6f80000, 0x0000000100000000)
  eden space 22016K, 0% used [0x00000000d5580000,0x00000000d5580000,0x00000000d6b00000)
  from space 1536K, 83% used [0x00000000d6d80000,0x00000000d6ec0360,0x00000000d6f00000)
  to   space 512K, 0% used [0x00000000d6f00000,0x00000000d6f00000,0x00000000d6f80000)
 ParOldGen       total 68608K, used 18604K [0x0000000080000000, 0x0000000084300000, 0x00000000d5580000)
  object space 68608K, 27% used [0x0000000080000000,0x000000008122b280,0x0000000084300000)
 Metaspace       used 34761K, committed 35840K, reserved 1114112K
  class space    used 3626K, committed 4096K, reserved 1048576K
}
Event: 7.285 GC heap before
{Heap before GC invocations=15 (full 2):
 PSYoungGen      total 23552K, used 1280K [0x00000000d5580000, 0x00000000d6f80000, 0x0000000100000000)
  eden space 22016K, 0% used [0x00000000d5580000,0x00000000d5580000,0x00000000d6b00000)
  from space 1536K, 83% used [0x00000000d6d80000,0x00000000d6ec0360,0x00000000d6f00000)
  to   space 512K, 0% used [0x00000000d6f00000,0x00000000d6f00000,0x00000000d6f80000)
 ParOldGen       total 68608K, used 18604K [0x0000000080000000, 0x0000000084300000, 0x00000000d5580000)
  object space 68608K, 27% used [0x0000000080000000,0x000000008122b280,0x0000000084300000)
 Metaspace       used 34761K, committed 35840K, reserved 1114112K
  class space    used 3626K, committed 4096K, reserved 1048576K
}
Event: 7.333 GC heap after
{Heap after GC invocations=15 (full 2):
 PSYoungGen      total 23552K, used 0K [0x00000000d5580000, 0x00000000d6f80000, 0x0000000100000000)
  eden space 22016K, 0% used [0x00000000d5580000,0x00000000d5580000,0x00000000d6b00000)
  from space 1536K, 0% used [0x00000000d6d80000,0x00000000d6d80000,0x00000000d6f00000)
  to   space 512K, 0% used [0x00000000d6f00000,0x00000000d6f00000,0x00000000d6f80000)
 ParOldGen       total 68608K, used 18918K [0x0000000080000000, 0x0000000084300000, 0x00000000d5580000)
  object space 68608K, 27% used [0x0000000080000000,0x0000000081279b78,0x0000000084300000)
 Metaspace       used 34761K, committed 35840K, reserved 1114112K
  class space    used 3626K, committed 4096K, reserved 1048576K
}
Event: 7.604 GC heap before
{Heap before GC invocations=16 (full 2):
 PSYoungGen      total 23552K, used 22016K [0x00000000d5580000, 0x00000000d6f80000, 0x0000000100000000)
  eden space 22016K, 100% used [0x00000000d5580000,0x00000000d6b00000,0x00000000d6b00000)
  from space 1536K, 0% used [0x00000000d6d80000,0x00000000d6d80000,0x00000000d6f00000)
  to   space 512K, 0% used [0x00000000d6f00000,0x00000000d6f00000,0x00000000d6f80000)
 ParOldGen       total 68608K, used 18918K [0x0000000080000000, 0x0000000084300000, 0x00000000d5580000)
  object space 68608K, 27% used [0x0000000080000000,0x0000000081279b78,0x0000000084300000)
 Metaspace       used 36992K, committed 38144K, reserved 1114112K
  class space    used 3907K, committed 4416K, reserved 1048576K
}
Event: 7.609 GC heap after
{Heap after GC invocations=16 (full 2):
 PSYoungGen      total 22528K, used 496K [0x00000000d5580000, 0x00000000d6f80000, 0x0000000100000000)
  eden space 22016K, 0% used [0x00000000d5580000,0x00000000d5580000,0x00000000d6b00000)
  from space 512K, 96% used [0x00000000d6f00000,0x00000000d6f7c010,0x00000000d6f80000)
  to   space 2048K, 0% used [0x00000000d6b80000,0x00000000d6b80000,0x00000000d6d80000)
 ParOldGen       total 68608K, used 20318K [0x0000000080000000, 0x0000000084300000, 0x00000000d5580000)
  object space 68608K, 29% used [0x0000000080000000,0x00000000813d7b78,0x0000000084300000)
 Metaspace       used 36992K, committed 38144K, reserved 1114112K
  class space    used 3907K, committed 4416K, reserved 1048576K
}
Event: 7.906 GC heap before
{Heap before GC invocations=17 (full 2):
 PSYoungGen      total 22528K, used 22512K [0x00000000d5580000, 0x00000000d6f80000, 0x0000000100000000)
  eden space 22016K, 100% used [0x00000000d5580000,0x00000000d6b00000,0x00000000d6b00000)
  from space 512K, 96% used [0x00000000d6f00000,0x00000000d6f7c010,0x00000000d6f80000)
  to   space 2048K, 0% used [0x00000000d6b80000,0x00000000d6b80000,0x00000000d6d80000)
 ParOldGen       total 68608K, used 20321K [0x0000000080000000, 0x0000000084300000, 0x00000000d5580000)
  object space 68608K, 29% used [0x0000000080000000,0x00000000813d8678,0x0000000084300000)
 Metaspace       used 39289K, committed 40448K, reserved 1114112K
  class space    used 4182K, committed 4672K, reserved 1048576K
}
Event: 7.910 GC heap after
{Heap after GC invocations=17 (full 2):
 PSYoungGen      total 24064K, used 1421K [0x00000000d5580000, 0x00000000d6f80000, 0x0000000100000000)
  eden space 22016K, 0% used [0x00000000d5580000,0x00000000d5580000,0x00000000d6b00000)
  from space 2048K, 69% used [0x00000000d6b80000,0x00000000d6ce3540,0x00000000d6d80000)
  to   space 2048K, 0% used [0x00000000d6d80000,0x00000000d6d80000,0x00000000d6f80000)
 ParOldGen       total 68608K, used 20801K [0x0000000080000000, 0x0000000084300000, 0x00000000d5580000)
  object space 68608K, 30% used [0x0000000080000000,0x0000000081450698,0x0000000084300000)
 Metaspace       used 39289K, committed 40448K, reserved 1114112K
  class space    used 4182K, committed 4672K, reserved 1048576K
}
Event: 8.261 GC heap before
{Heap before GC invocations=18 (full 2):
 PSYoungGen      total 24064K, used 23437K [0x00000000d5580000, 0x00000000d6f80000, 0x0000000100000000)
  eden space 22016K, 100% used [0x00000000d5580000,0x00000000d6b00000,0x00000000d6b00000)
  from space 2048K, 69% used [0x00000000d6b80000,0x00000000d6ce3540,0x00000000d6d80000)
  to   space 2048K, 0% used [0x00000000d6d80000,0x00000000d6d80000,0x00000000d6f80000)
 ParOldGen       total 68608K, used 20801K [0x0000000080000000, 0x0000000084300000, 0x00000000d5580000)
  object space 68608K, 30% used [0x0000000080000000,0x0000000081450698,0x0000000084300000)
 Metaspace       used 40520K, committed 41728K, reserved 1114112K
  class space    used 4330K, committed 4864K, reserved 1048576K
}
Event: 8.267 GC heap after
{Heap after GC invocations=18 (full 2):
 PSYoungGen      total 14848K, used 2026K [0x00000000d5580000, 0x00000000d8200000, 0x0000000100000000)
  eden space 12800K, 0% used [0x00000000d5580000,0x00000000d5580000,0x00000000d6200000)
  from space 2048K, 98% used [0x00000000d6d80000,0x00000000d6f7a890,0x00000000d6f80000)
  to   space 11776K, 0% used [0x00000000d6200000,0x00000000d6200000,0x00000000d6d80000)
 ParOldGen       total 68608K, used 28696K [0x0000000080000000, 0x0000000084300000, 0x00000000d5580000)
  object space 68608K, 41% used [0x0000000080000000,0x0000000081c06008,0x0000000084300000)
 Metaspace       used 40520K, committed 41728K, reserved 1114112K
  class space    used 4330K, committed 4864K, reserved 1048576K
}
Event: 8.647 GC heap before
{Heap before GC invocations=19 (full 2):
 PSYoungGen      total 14848K, used 14826K [0x00000000d5580000, 0x00000000d8200000, 0x0000000100000000)
  eden space 12800K, 100% used [0x00000000d5580000,0x00000000d6200000,0x00000000d6200000)
  from space 2048K, 98% used [0x00000000d6d80000,0x00000000d6f7a890,0x00000000d6f80000)
  to   space 11776K, 0% used [0x00000000d6200000,0x00000000d6200000,0x00000000d6d80000)
 ParOldGen       total 68608K, used 28696K [0x0000000080000000, 0x0000000084300000, 0x00000000d5580000)
  object space 68608K, 41% used [0x0000000080000000,0x0000000081c06008,0x0000000084300000)
 Metaspace       used 41794K, committed 43008K, reserved 1114112K
  class space    used 4487K, committed 5056K, reserved 1048576K
}
Event: 8.651 GC heap after
{Heap after GC invocations=19 (full 2):
 PSYoungGen      total 14336K, used 1216K [0x00000000d5580000, 0x00000000d6e00000, 0x0000000100000000)
  eden space 12800K, 0% used [0x00000000d5580000,0x00000000d5580000,0x00000000d6200000)
  from space 1536K, 79% used [0x00000000d6200000,0x00000000d6330000,0x00000000d6380000)
  to   space 4608K, 0% used [0x00000000d6980000,0x00000000d6980000,0x00000000d6e00000)
 ParOldGen       total 68608K, used 30478K [0x0000000080000000, 0x0000000084300000, 0x00000000d5580000)
  object space 68608K, 44% used [0x0000000080000000,0x0000000081dc3ba0,0x0000000084300000)
 Metaspace       used 41794K, committed 43008K, reserved 1114112K
  class space    used 4487K, committed 5056K, reserved 1048576K
}
Event: 9.143 GC heap before
{Heap before GC invocations=20 (full 2):
 PSYoungGen      total 14336K, used 14016K [0x00000000d5580000, 0x00000000d6e00000, 0x0000000100000000)
  eden space 12800K, 100% used [0x00000000d5580000,0x00000000d6200000,0x00000000d6200000)
  from space 1536K, 79% used [0x00000000d6200000,0x00000000d6330000,0x00000000d6380000)
  to   space 4608K, 0% used [0x00000000d6980000,0x00000000d6980000,0x00000000d6e00000)
 ParOldGen       total 68608K, used 30478K [0x0000000080000000, 0x0000000084300000, 0x00000000d5580000)
  object space 68608K, 44% used [0x0000000080000000,0x0000000081dc3ba0,0x0000000084300000)
 Metaspace       used 43306K, committed 44544K, reserved 1114112K
  class space    used 4698K, committed 5248K, reserved 1048576K
}
Event: 9.147 GC heap after
{Heap after GC invocations=20 (full 2):
 PSYoungGen      total 13824K, used 992K [0x00000000d5580000, 0x00000000d6a80000, 0x0000000100000000)
  eden space 12800K, 0% used [0x00000000d5580000,0x00000000d5580000,0x00000000d6200000)
  from space 1024K, 96% used [0x00000000d6980000,0x00000000d6a78000,0x00000000d6a80000)
  to   space 2048K, 0% used [0x00000000d6680000,0x00000000d6680000,0x00000000d6880000)
 ParOldGen       total 68608K, used 31549K [0x0000000080000000, 0x0000000084300000, 0x00000000d5580000)
  object space 68608K, 45% used [0x0000000080000000,0x0000000081ecf638,0x0000000084300000)
 Metaspace       used 43306K, committed 44544K, reserved 1114112K
  class space    used 4698K, committed 5248K, reserved 1048576K
}
Event: 12.862 GC heap before
{Heap before GC invocations=21 (full 2):
 PSYoungGen      total 13824K, used 13777K [0x00000000d5580000, 0x00000000d6a80000, 0x0000000100000000)
  eden space 12800K, 99% used [0x00000000d5580000,0x00000000d61fc400,0x00000000d6200000)
  from space 1024K, 96% used [0x00000000d6980000,0x00000000d6a78000,0x00000000d6a80000)
  to   space 2048K, 0% used [0x00000000d6680000,0x00000000d6680000,0x00000000d6880000)
 ParOldGen       total 68608K, used 31549K [0x0000000080000000, 0x0000000084300000, 0x00000000d5580000)
  object space 68608K, 45% used [0x0000000080000000,0x0000000081ecf638,0x0000000084300000)
 Metaspace       used 44846K, committed 46080K, reserved 1114112K
  class space    used 4889K, committed 5440K, reserved 1048576K
}
Event: 12.865 GC heap after
{Heap after GC invocations=21 (full 2):
 PSYoungGen      total 14848K, used 896K [0x00000000d5580000, 0x00000000d6a00000, 0x0000000100000000)
  eden space 12800K, 0% used [0x00000000d5580000,0x00000000d5580000,0x00000000d6200000)
  from space 2048K, 43% used [0x00000000d6680000,0x00000000d6760000,0x00000000d6880000)
  to   space 1024K, 0% used [0x00000000d6900000,0x00000000d6900000,0x00000000d6a00000)
 ParOldGen       total 68608K, used 32369K [0x0000000080000000, 0x0000000084300000, 0x00000000d5580000)
  object space 68608K, 47% used [0x0000000080000000,0x0000000081f9c668,0x0000000084300000)
 Metaspace       used 44846K, committed 46080K, reserved 1114112K
  class space    used 4889K, committed 5440K, reserved 1048576K
}
Event: 13.506 GC heap before
{Heap before GC invocations=22 (full 2):
 PSYoungGen      total 14848K, used 13682K [0x00000000d5580000, 0x00000000d6a00000, 0x0000000100000000)
  eden space 12800K, 99% used [0x00000000d5580000,0x00000000d61fc818,0x00000000d6200000)
  from space 2048K, 43% used [0x00000000d6680000,0x00000000d6760000,0x00000000d6880000)
  to   space 1024K, 0% used [0x00000000d6900000,0x00000000d6900000,0x00000000d6a00000)
 ParOldGen       total 68608K, used 32369K [0x0000000080000000, 0x0000000084300000, 0x00000000d5580000)
  object space 68608K, 47% used [0x0000000080000000,0x0000000081f9c668,0x0000000084300000)
 Metaspace       used 46241K, committed 47552K, reserved 1114112K
  class space    used 5062K, committed 5632K, reserved 1048576K
}
Event: 13.509 GC heap after
{Heap after GC invocations=22 (full 2):
 PSYoungGen      total 13824K, used 1008K [0x00000000d5580000, 0x00000000d6a00000, 0x0000000100000000)
  eden space 12800K, 0% used [0x00000000d5580000,0x00000000d5580000,0x00000000d6200000)
  from space 1024K, 98% used [0x00000000d6900000,0x00000000d69fc010,0x00000000d6a00000)
  to   space 1536K, 0% used [0x00000000d6700000,0x00000000d6700000,0x00000000d6880000)
 ParOldGen       total 68608K, used 33102K [0x0000000080000000, 0x0000000084300000, 0x00000000d5580000)
  object space 68608K, 48% used [0x0000000080000000,0x0000000082053ba0,0x0000000084300000)
 Metaspace       used 46241K, committed 47552K, reserved 1114112K
  class space    used 5062K, committed 5632K, reserved 1048576K
}
Event: 13.707 GC heap before
{Heap before GC invocations=23 (full 2):
 PSYoungGen      total 13824K, used 13808K [0x00000000d5580000, 0x00000000d6a00000, 0x0000000100000000)
  eden space 12800K, 100% used [0x00000000d5580000,0x00000000d6200000,0x00000000d6200000)
  from space 1024K, 98% used [0x00000000d6900000,0x00000000d69fc010,0x00000000d6a00000)
  to   space 1536K, 0% used [0x00000000d6700000,0x00000000d6700000,0x00000000d6880000)
 ParOldGen       total 68608K, used 33102K [0x0000000080000000, 0x0000000084300000, 0x00000000d5580000)
  object space 68608K, 48% used [0x0000000080000000,0x0000000082053ba0,0x0000000084300000)
 Metaspace       used 46605K, committed 47872K, reserved 1114112K
  class space    used 5093K, committed 5632K, reserved 1048576K
}
Event: 13.709 GC heap after
{Heap after GC invocations=23 (full 2):
 PSYoungGen      total 14336K, used 448K [0x00000000d5580000, 0x00000000d6980000, 0x0000000100000000)
  eden space 12800K, 0% used [0x00000000d5580000,0x00000000d5580000,0x00000000d6200000)
  from space 1536K, 29% used [0x00000000d6700000,0x00000000d6770000,0x00000000d6880000)
  to   space 1024K, 0% used [0x00000000d6880000,0x00000000d6880000,0x00000000d6980000)
 ParOldGen       total 68608K, used 33968K [0x0000000080000000, 0x0000000084300000, 0x00000000d5580000)
  object space 68608K, 49% used [0x0000000080000000,0x000000008212c398,0x0000000084300000)
 Metaspace       used 46605K, committed 47872K, reserved 1114112K
  class space    used 5093K, committed 5632K, reserved 1048576K
}

